<?xml version="1.0" encoding="UTF-8"?>
<!-- Generated by org.testng.reporters.JUnitXMLReporter -->
<testsuite hostname="DESKTOP-HBIEH1N" ignored="0" name="Command line test" tests="4" failures="0" timestamp="15 Sep 2019 12:13:31 GMT" time="63.617" errors="0">
  <testcase name="setup" time="27.623" classname="com.adminLTE.qa.Testcases.AddUsersPageTest"/>
  <testcase name="verifyHomePageTitleTest" time="0.055" classname="com.adminLTE.qa.Testcases.HomePageTest"/>
  <testcase name="loginpageTitleTest" time="0.04" classname="com.adminLTE.qa.Testcases.LoginPageTest"/>
  <testcase name="setup" time="11.407" classname="com.adminLTE.qa.Testcases.UserPageTest"/>
</testsuite> <!-- Command line test -->
